0 info it worked if it ends with ok
1 verbose cli [ '/usr/local/bin/node',
1 verbose cli   '/usr/local/bin/npm',
1 verbose cli   'start',
1 verbose cli   '--',
1 verbose cli   '--',
1 verbose cli   'reset-cache' ]
2 info using npm@4.0.5
3 info using node@v7.0.0
4 verbose run-script [ 'prestart', 'start', 'poststart' ]
5 info lifecycle mojazastavka_ios@0.0.1~prestart: mojazastavka_ios@0.0.1
6 silly lifecycle mojazastavka_ios@0.0.1~prestart: no script for prestart, continuing
7 info lifecycle mojazastavka_ios@0.0.1~start: mojazastavka_ios@0.0.1
8 verbose lifecycle mojazastavka_ios@0.0.1~start: unsafe-perm in lifecycle true
9 verbose lifecycle mojazastavka_ios@0.0.1~start: PATH: /usr/local/lib/node_modules/npm/bin/node-gyp-bin:/Users/joci/Documents/work/mojazastavka_ios/node_modules/.bin:/Users/joci/.composer/vendor/bin:/Users/joci/.rvm/gems/ruby-2.3.0/bin:/Users/joci/.rvm/gems/ruby-2.3.0@global/bin:/Users/joci/.rvm/rubies/ruby-2.3.0/bin:/usr/local/bin:/usr/bin:/bin:/usr/sbin:/sbin:/Users/joci/.rvm/bin
10 verbose lifecycle mojazastavka_ios@0.0.1~start: CWD: /Users/joci/Documents/work/mojazastavka_ios
11 silly lifecycle mojazastavka_ios@0.0.1~start: Args: [ '-c',
11 silly lifecycle   'node node_modules/react-native/local-cli/cli.js start "--" "reset-cache"' ]
12 silly lifecycle mojazastavka_ios@0.0.1~start: Returned: code: 11  signal: null
13 info lifecycle mojazastavka_ios@0.0.1~start: Failed to exec start script
14 verbose stack Error: mojazastavka_ios@0.0.1 start: `node node_modules/react-native/local-cli/cli.js start "--" "reset-cache"`
14 verbose stack Exit status 11
14 verbose stack     at EventEmitter.<anonymous> (/usr/local/lib/node_modules/npm/lib/utils/lifecycle.js:279:16)
14 verbose stack     at emitTwo (events.js:106:13)
14 verbose stack     at EventEmitter.emit (events.js:191:7)
14 verbose stack     at ChildProcess.<anonymous> (/usr/local/lib/node_modules/npm/lib/utils/spawn.js:40:14)
14 verbose stack     at emitTwo (events.js:106:13)
14 verbose stack     at ChildProcess.emit (events.js:191:7)
14 verbose stack     at maybeClose (internal/child_process.js:877:16)
14 verbose stack     at Process.ChildProcess._handle.onexit (internal/child_process.js:226:5)
15 verbose pkgid mojazastavka_ios@0.0.1
16 verbose cwd /Users/joci/Documents/work/mojazastavka_ios
17 error Darwin 16.1.0
18 error argv "/usr/local/bin/node" "/usr/local/bin/npm" "start" "--" "--" "reset-cache"
19 error node v7.0.0
20 error npm  v4.0.5
21 error code ELIFECYCLE
22 error mojazastavka_ios@0.0.1 start: `node node_modules/react-native/local-cli/cli.js start "--" "reset-cache"`
22 error Exit status 11
23 error Failed at the mojazastavka_ios@0.0.1 start script 'node node_modules/react-native/local-cli/cli.js start "--" "reset-cache"'.
23 error Make sure you have the latest version of node.js and npm installed.
23 error If you do, this is most likely a problem with the mojazastavka_ios package,
23 error not with npm itself.
23 error Tell the author that this fails on your system:
23 error     node node_modules/react-native/local-cli/cli.js start "--" "reset-cache"
23 error You can get information on how to open an issue for this project with:
23 error     npm bugs mojazastavka_ios
23 error Or if that isn't available, you can get their info via:
23 error     npm owner ls mojazastavka_ios
23 error There is likely additional logging output above.
24 verbose exit [ 1, true ]
